<?xml version="1.0" encoding="UTF-8"?>
<!-- Generated by org.testng.reporters.JUnitReportReporter -->
<testsuite hostname="CICTRELWKSL308" failures="0" tests="1" name="projectEARF.assertPDF" time="26.388" errors="0" timestamp="2022-06-13T14:43:57 SGT" skipped="0">
  <testcase classname="projectEARF.assertPDF" name="EARFWebPage" time="26.388"/>
  <system-out/>
</testsuite> <!-- projectEARF.assertPDF -->
