<?xml version="1.0" encoding="UTF-8"?>
<!-- Generated by org.testng.reporters.JUnitReportReporter -->
<testsuite hostname="CICTRELWKSL308" failures="0" tests="1" name="projectEARF.FunctionalTestEARF" time="34.342" errors="0" timestamp="2022-06-14T10:09:36 SGT" skipped="0">
  <testcase classname="projectEARF.FunctionalTestEARF" name="EARFWebPage" time="34.342"/>
  <system-out/>
</testsuite> <!-- projectEARF.FunctionalTestEARF -->
