<?xml version="1.0" encoding="UTF-8"?>
<!-- Generated by org.testng.reporters.JUnitReportReporter -->
<testsuite hostname="CICTRELWKSL308" failures="0" tests="8" name="projectEARF.FunctionalTestEARF" time="127.490" errors="0" timestamp="2022-06-14T08:06:31 SGT" skipped="0">
  <testcase classname="projectEARF.FunctionalTestEARF" name="EARF1stTest" time="12.666"/>
  <system-out/>
  <testcase classname="projectEARF.FunctionalTestEARF" name="EARF2ndTest" time="12.688"/>
  <system-out/>
  <testcase classname="projectEARF.FunctionalTestEARF" name="EARF3ndTest" time="13.289"/>
  <system-out/>
  <testcase classname="projectEARF.FunctionalTestEARF" name="EARF4thTest" time="13.599"/>
  <system-out/>
  <testcase classname="projectEARF.FunctionalTestEARF" name="EARF5thTest" time="12.960"/>
  <system-out/>
  <testcase classname="projectEARF.FunctionalTestEARF" name="EARF7thTest" time="8.657"/>
  <system-out/>
  <testcase classname="projectEARF.FunctionalTestEARF" name="EARF8thTest" time="21.002"/>
  <system-out/>
  <testcase classname="projectEARF.FunctionalTestEARF" name="EARFWebPage" time="32.629"/>
  <system-out/>
</testsuite> <!-- projectEARF.FunctionalTestEARF -->
